Arguments: 
  /Users/juliandong/.nvm/versions/node/v8.11.3/bin/node /usr/local/Cellar/yarn/1.12.3/libexec/bin/yarn.js init

PATH: 
  /Users/juliandong/.rvm/gems/ruby-2.5.2/bin:/Users/juliandong/.rvm/gems/ruby-2.5.2@global/bin:/Users/juliandong/.rvm/rubies/ruby-2.5.2/bin:/Users/juliandong/Library/Android/sdk/platform-tools:/Users/juliandong/Library/Android/sdk/tools:/Users/juliandong/.nvm/versions/node/v8.11.3/bin:/Library/Frameworks/Python.framework/Versions/3.7/bin:/usr/local/bin:/usr/bin:/bin:/usr/sbin:/sbin:/usr/local/go/bin:/usr/local/share/dotnet:/Library/Frameworks/Mono.framework/Versions/Current/Commands:/Users/juliandong/.rvm/bin:/Users/juliandong/flutter/bin:/Users/juliandong/Library/Python/2.7/bin:/Users/juliandong/Users/juliandong/Library/Python/3.7/bin

Yarn version: 
  1.12.3

Node version: 
  8.11.3

Platform: 
  darwin x64

Trace: 
  Error: canceled
      at Interface.<anonymous> (/usr/local/Cellar/yarn/1.12.3/libexec/lib/cli.js:125278:13)
      at emitNone (events.js:106:13)
      at Interface.emit (events.js:208:7)
      at Interface._ttyWrite (readline.js:774:16)
      at ReadStream.onkeypress (readline.js:158:10)
      at emitTwo (events.js:126:13)
      at ReadStream.emit (events.js:214:7)
      at emitKeys (internal/readline.js:420:14)
      at emitKeys.next (<anonymous>)
      at ReadStream.onData (readline.js:1010:36)

npm manifest: 
  No manifest

yarn manifest: 
  No manifest

Lockfile: 
  No lockfile
